<?xml version="1.0" encoding="UTF-8"?>
<!-- Generated by org.testng.reporters.JUnitReportReporter -->
<testsuite hostname="LAPTOP-7B97QFFB" failures="0" tests="2" name="testNG.CrossBrowsing" time="14.923" errors="0" timestamp="2022-12-13T16:56:39 IST" skipped="0">
  <testcase classname="testNG.CrossBrowsing" name="crossBrowser" time="6.720"/>
  <system-out/>
  <testcase classname="testNG.CrossBrowsing" name="crossBrowser" time="8.203"/>
  <system-out/>
</testsuite> <!-- testNG.CrossBrowsing -->
