<?xml version="1.0" encoding="UTF-8"?>
<!-- Generated by org.testng.reporters.JUnitReportReporter -->
<testsuite hostname="LAPTOP-7B97QFFB" failures="0" tests="2" name="testNG.TesstNG_Class" time="8.922" errors="0" timestamp="2022-11-07T15:27:55 IST" skipped="0">
  <testcase classname="testNG.TesstNG_Class" name="testNGmethod_1" time="6.413"/>
  <system-out/>
  <testcase classname="testNG.TesstNG_Class" name="testNGmethod" time="2.509"/>
  <system-out/>
</testsuite> <!-- testNG.TesstNG_Class -->
